INFO:root:ALERT! CPU usage exceeds the threshold!
INFO:root:ALERT! CPU usage exceeds the threshold!
INFO:root:ALERT! CPU usage exceeds the threshold!
INFO:root:ALERT! CPU usage exceeds the threshold! for pmallyalab2VM2 16:15:01.695436 with CPU usage of 3154
INFO:root:ALERT! CPU usage exceeds the threshold! for pmallyaVM1 16:15:01.696928 with CPU usage of 3348
INFO:root:ALERT! CPU usage exceeds the threshold! for rvijaya4_VM10 16:15:01.698286 with CPU usage of 470
INFO:root:ALERT! CPU usage exceeds the threshold! for pmallyaVMX 16:15:01.699703 with CPU usage of 126
INFO:root:ALERT! CPU usage exceeds the threshold of 125 for pmallyalab2VM2 16:15:52.668773 with CPU usage of 3154
INFO:root:ALERT! CPU usage exceeds the threshold of 125 for pmallyaVM1 16:15:52.670847 with CPU usage of 3348
INFO:root:ALERT! CPU usage exceeds the threshold of 125 for rvijaya4_VM10 16:15:52.673383 with CPU usage of 470
INFO:root:ALERT! CPU usage exceeds the threshold of 125 for pmallyaVMX 16:15:52.675910 with CPU usage of 126
INFO:root: 16:16:53.994232ALERT! CPU usage exceeds the threshold of 125 for pmallyalab2VM2  with CPU usage of 3154
INFO:root: 16:16:53.995812ALERT! CPU usage exceeds the threshold of 125 for pmallyaVM1  with CPU usage of 3348
INFO:root: 16:16:53.997432ALERT! CPU usage exceeds the threshold of 125 for rvijaya4_VM10  with CPU usage of 471
INFO:root: 16:16:53.998927ALERT! CPU usage exceeds the threshold of 125 for pmallyaVMX  with CPU usage of 127
INFO:root: 16:17:27.673366 ALERT! CPU usage exceeds the threshold of 100 for pmallyalab2VM2  with CPU usage of 3154
INFO:root: 16:17:27.674891 ALERT! CPU usage exceeds the threshold of 100 for pmallyaVM1  with CPU usage of 3348
INFO:root: 16:17:27.676291 ALERT! CPU usage exceeds the threshold of 100 for rvijaya4_VM10  with CPU usage of 471
INFO:root: 16:17:27.677655 ALERT! CPU usage exceeds the threshold of 100 for pmallyaVMX  with CPU usage of 127
INFO:root: 16:30:17.239125 ALERT! CPU usage exceeds the threshold of 130 for pmallyalab2VM2  with CPU usage of 3154
INFO:root: 16:30:17.240986 ALERT! CPU usage exceeds the threshold of 130 for pmallyaVM1  with CPU usage of 3348
INFO:root: 16:30:17.242776 ALERT! CPU usage exceeds the threshold of 130 for rvijaya4_VM10  with CPU usage of 477
INFO:root: 16:30:17.244738 ALERT! CPU usage exceeds the threshold of 130 for pmallyaVMX  with CPU usage of 131
INFO:root: 22:23:00.108277 ALERT! CPU usage exceeds the threshold of 100 for rvijaya4-VM1  with CPU usage of 112
INFO:root: 22:23:00.110290 ALERT! CPU usage exceeds the threshold of 100 for rvijaya4-VM3  with CPU usage of 485
INFO:root: 22:23:00.116193 ALERT! CPU usage exceeds the threshold of 100 for pmallyalab2VM2  with CPU usage of 3165
INFO:root: 22:23:00.118546 ALERT! CPU usage exceeds the threshold of 100 for pmallyaVM1  with CPU usage of 3361
INFO:root: 22:23:00.120689 ALERT! CPU usage exceeds the threshold of 100 for pmallyaVMX  with CPU usage of 188
INFO:root: 22:52:27.018029 ALERT! CPU usage exceeds the threshold of 125 for rvijaya4-VM1  with CPU usage of 147
INFO:root: 22:52:27.019701 ALERT! CPU usage exceeds the threshold of 125 for rvijaya4-VM3  with CPU usage of 508
INFO:root: 22:52:27.024277 ALERT! CPU usage exceeds the threshold of 125 for pmallyalab2VM2  with CPU usage of 3165
INFO:root: 22:52:27.025934 ALERT! CPU usage exceeds the threshold of 125 for pmallyaVM1  with CPU usage of 3361
INFO:root: 22:52:27.027757 ALERT! CPU usage exceeds the threshold of 125 for pmallyaVMX  with CPU usage of 199
INFO:root: 22:52:27.030115 ALERT! CPU usage exceeds the threshold of 125 for rvijaya4-VM2  with CPU usage of 129
INFO:root: 22:52:35.856525 ALERT! CPU usage exceeds the threshold of 130 for rvijaya4-VM1  with CPU usage of 147
INFO:root: 22:52:35.858480 ALERT! CPU usage exceeds the threshold of 130 for rvijaya4-VM3  with CPU usage of 508
INFO:root: 22:52:35.864951 ALERT! CPU usage exceeds the threshold of 130 for pmallyalab2VM2  with CPU usage of 3165
INFO:root: 22:52:35.867461 ALERT! CPU usage exceeds the threshold of 130 for pmallyaVM1  with CPU usage of 3361
INFO:root: 22:52:35.870147 ALERT! CPU usage exceeds the threshold of 130 for pmallyaVMX  with CPU usage of 199
INFO:root: 22:53:06.321332 ALERT! CPU usage exceeds the threshold of 130 for rvijaya4-VM1  with CPU usage of 147
INFO:root: 22:53:06.323853 ALERT! CPU usage exceeds the threshold of 130 for rvijaya4-VM3  with CPU usage of 509
INFO:root: 22:53:06.329865 ALERT! CPU usage exceeds the threshold of 130 for pmallyalab2VM2  with CPU usage of 3165
INFO:root: 22:53:06.332080 ALERT! CPU usage exceeds the threshold of 130 for pmallyaVM1  with CPU usage of 3361
INFO:root: 22:53:06.334415 ALERT! CPU usage exceeds the threshold of 130 for pmallyaVMX  with CPU usage of 199
